<?xml version="1.0" encoding="UTF-8"?>
<!-- Generated by org.testng.reporters.JUnitXMLReporter -->
<testsuite hostname="DESKTOP-7CF6N7D" ignored="2" name="Test" tests="0" failures="0" timestamp="16 Mar 2022 11:58:18 GMT" time="84.355" errors="0">
  <testcase name="@BeforeSuite connectTodatabase" time="0.0" classname="com.crm.GenricLibrary.BaseClass">
    <ignored/>
  </testcase> <!-- @BeforeSuite connectTodatabase -->
  <testcase name="@BeforeSuite connectTodatabase" time="0.0" classname="com.crm.GenricLibrary.BaseClass">
    <ignored/>
  </testcase> <!-- @BeforeSuite connectTodatabase -->
</testsuite> <!-- Test -->
