<?xml version="1.0" encoding="UTF-8"?>
<testng-results skipped="0" failed="0" ignored="0" total="1" passed="1">
  <reporter-output>
  </reporter-output>
  <suite name="com.srm.PRACTICE.ReadDataFromCmdLineTest" duration-ms="116" started-at="2022-02-17T13:19:57 IST" finished-at="2022-02-17T13:19:57 IST">
    <groups>
    </groups>
    <test name="Command line test" duration-ms="116" started-at="2022-02-17T13:19:57 IST" finished-at="2022-02-17T13:19:57 IST">
      <class name="com.srm.PRACTICE.ReadDataFromCmdLineTest">
        <test-method status="PASS" signature="readerDataDromCmdLine()[pri:0, instance:com.srm.PRACTICE.ReadDataFromCmdLineTest@4cf777e8]" name="readerDataDromCmdLine" duration-ms="16" started-at="2022-02-17T13:19:57 IST" finished-at="2022-02-17T13:19:57 IST">
          <reporter-output>
          </reporter-output>
        </test-method> <!-- readerDataDromCmdLine -->
      </class> <!-- com.srm.PRACTICE.ReadDataFromCmdLineTest -->
    </test> <!-- Command line test -->
  </suite> <!-- com.srm.PRACTICE.ReadDataFromCmdLineTest -->
</testng-results>
