<?xml version="1.0" encoding="UTF-8"?>
<!-- Generated by org.testng.reporters.JUnitReportReporter -->
<testsuite skipped="8" hostname="DESKTOP-7CF6N7D" name="com.crm.OraganizationTest.CreateOrgwithMultipleData" tests="9" failures="0" timestamp="03 Mar 2022 07:10:40 GMT" time="0.000" errors="1">
  <testcase name="createOrgWithMltipleData" time="0.000" classname="com.crm.OraganizationTest.CreateOrgwithMultipleData">
    <skipped/>
  </testcase> <!-- createOrgWithMltipleData -->
  <testcase name="createOrgWithMltipleData" time="0.000" classname="com.crm.OraganizationTest.CreateOrgwithMultipleData">
    <skipped/>
  </testcase> <!-- createOrgWithMltipleData -->
  <testcase name="createOrgWithMltipleData" time="0.000" classname="com.crm.OraganizationTest.CreateOrgwithMultipleData">
    <skipped/>
  </testcase> <!-- createOrgWithMltipleData -->
  <testcase name="createOrgWithMltipleData" time="0.000" classname="com.crm.OraganizationTest.CreateOrgwithMultipleData">
    <skipped/>
  </testcase> <!-- createOrgWithMltipleData -->
  <testcase name="login" time="0.000" classname="com.crm.OraganizationTest.CreateOrgwithMultipleData">
    <error type="java.lang.NullPointerException">
      <![CDATA[java.lang.NullPointerException
at org.openqa.selenium.support.pagefactory.DefaultElementLocator.findElement(DefaultElementLocator.java:69)
at org.openqa.selenium.support.pagefactory.internal.LocatingElementHandler.invoke(LocatingElementHandler.java:38)
at com.sun.proxy.$Proxy14.sendKeys(Unknown Source)
at com.crm.ObjectRepositorty.LoginPage.LoginToApp(LoginPage.java:43)
at com.crm.GenricLibrary.BaseClass.login(BaseClass.java:68)
at sun.reflect.NativeMethodAccessorImpl.invoke0(Native Method)
at sun.reflect.NativeMethodAccessorImpl.invoke(Unknown Source)
at sun.reflect.DelegatingMethodAccessorImpl.invoke(Unknown Source)
at java.lang.reflect.Method.invoke(Unknown Source)
at org.testng.internal.MethodInvocationHelper.invokeMethod(MethodInvocationHelper.java:124)
at org.testng.internal.MethodInvocationHelper.invokeMethodConsideringTimeout(MethodInvocationHelper.java:59)
at org.testng.internal.Invoker.invokeConfigurationMethod(Invoker.java:458)
at org.testng.internal.Invoker.invokeConfigurations(Invoker.java:222)
at org.testng.internal.Invoker.invokeMethod(Invoker.java:523)
at org.testng.internal.Invoker.invokeTestMethod(Invoker.java:719)
at org.testng.internal.Invoker.invokeTestMethods(Invoker.java:989)
at org.testng.internal.TestMethodWorker.invokeTestMethods(TestMethodWorker.java:125)
at org.testng.internal.TestMethodWorker.run(TestMethodWorker.java:109)
at org.testng.TestRunner.privateRun(TestRunner.java:648)
at org.testng.TestRunner.run(TestRunner.java:505)
at org.testng.SuiteRunner.runTest(SuiteRunner.java:455)
at org.testng.SuiteRunner.access$000(SuiteRunner.java:40)
at org.testng.SuiteRunner$SuiteWorker.run(SuiteRunner.java:489)
at org.testng.internal.thread.ThreadUtil$1.call(ThreadUtil.java:52)
at java.util.concurrent.FutureTask.run(Unknown Source)
at java.util.concurrent.ThreadPoolExecutor.runWorker(Unknown Source)
at java.util.concurrent.ThreadPoolExecutor$Worker.run(Unknown Source)
at java.lang.Thread.run(Unknown Source)
]]>
    </error>
  </testcase> <!-- login -->
  <testcase name="createOrgWithMltipleData" time="0.000" classname="com.crm.OraganizationTest.CreateOrgwithMultipleData">
    <skipped/>
  </testcase> <!-- createOrgWithMltipleData -->
  <testcase name="createOrgWithMltipleData" time="0.000" classname="com.crm.OraganizationTest.CreateOrgwithMultipleData">
    <skipped/>
  </testcase> <!-- createOrgWithMltipleData -->
  <testcase name="createOrgWithMltipleData" time="0.000" classname="com.crm.OraganizationTest.CreateOrgwithMultipleData">
    <skipped/>
  </testcase> <!-- createOrgWithMltipleData -->
  <testcase name="createOrgWithMltipleData" time="0.000" classname="com.crm.OraganizationTest.CreateOrgwithMultipleData">
    <skipped/>
  </testcase> <!-- createOrgWithMltipleData -->
</testsuite> <!-- com.crm.OraganizationTest.CreateOrgwithMultipleData -->
